Build started 1/20/2020 1:57:48 PM.
     1>Project "c:\Users\Fatemeh\documents\visual studio 2013\Projects\adaline\adaline\adaline.vcxproj" on node 2 (Build target(s)).
     1>ClCompile:
         C:\Program Files (x86)\Microsoft Visual Studio 12.0\VC\bin\CL.exe /c /ZI /nologo /W3 /WX- /sdl /Od /Oy- /D WIN32 /D _DEBUG /D _CONSOLE /D _LIB /D _UNICODE /D UNICODE /Gm /EHsc /RTC1 /MDd /GS /fp:precise /Zc:wchar_t /Zc:forScope /Yc"stdafx.h" /Fp"Debug\adaline.pch" /Fo"Debug\\" /Fd"Debug\vc120.pdb" /Gd /TP /analyze- /errorReport:prompt stdafx.cpp
         stdafx.cpp
         C:\Program Files (x86)\Microsoft Visual Studio 12.0\VC\bin\CL.exe /c /ZI /nologo /W3 /WX- /sdl /Od /Oy- /D WIN32 /D _DEBUG /D _CONSOLE /D _LIB /D _UNICODE /D UNICODE /Gm /EHsc /RTC1 /MDd /GS /fp:precise /Zc:wchar_t /Zc:forScope /Yu"stdafx.h" /Fp"Debug\adaline.pch" /Fo"Debug\\" /Fd"Debug\vc120.pdb" /Gd /TP /analyze- /errorReport:prompt adaline.cpp
         adaline.cpp
     1>c:\users\fatemeh\documents\visual studio 2013\projects\adaline\adaline\adaline.cpp(12): warning C4305: 'initializing' : truncation from 'double' to 'float'
     1>c:\users\fatemeh\documents\visual studio 2013\projects\adaline\adaline\adaline.cpp(49): warning C4244: '+=' : conversion from 'double' to 'float', possible loss of data
     1>c:\users\fatemeh\documents\visual studio 2013\projects\adaline\adaline\adaline.cpp(50): warning C4244: '+=' : conversion from 'double' to 'float', possible loss of data
     1>c:\users\fatemeh\documents\visual studio 2013\projects\adaline\adaline\adaline.cpp(51): warning C4244: '+=' : conversion from 'double' to 'float', possible loss of data
     1>c:\users\fatemeh\documents\visual studio 2013\projects\adaline\adaline\adaline.cpp(96): warning C4244: '+=' : conversion from 'double' to 'float', possible loss of data
     1>c:\users\fatemeh\documents\visual studio 2013\projects\adaline\adaline\adaline.cpp(97): warning C4244: '+=' : conversion from 'double' to 'float', possible loss of data
     1>c:\users\fatemeh\documents\visual studio 2013\projects\adaline\adaline\adaline.cpp(98): warning C4244: '+=' : conversion from 'double' to 'float', possible loss of data
     1>c:\users\fatemeh\documents\visual studio 2013\projects\adaline\adaline\adaline.cpp(141): warning C4244: '+=' : conversion from 'double' to 'float', possible loss of data
     1>c:\users\fatemeh\documents\visual studio 2013\projects\adaline\adaline\adaline.cpp(142): warning C4244: '+=' : conversion from 'double' to 'float', possible loss of data
     1>c:\users\fatemeh\documents\visual studio 2013\projects\adaline\adaline\adaline.cpp(143): warning C4244: '+=' : conversion from 'double' to 'float', possible loss of data
     1>c:\users\fatemeh\documents\visual studio 2013\projects\adaline\adaline\adaline.cpp(186): warning C4244: '+=' : conversion from 'double' to 'float', possible loss of data
     1>c:\users\fatemeh\documents\visual studio 2013\projects\adaline\adaline\adaline.cpp(187): warning C4244: '+=' : conversion from 'double' to 'float', possible loss of data
     1>c:\users\fatemeh\documents\visual studio 2013\projects\adaline\adaline\adaline.cpp(188): warning C4244: '+=' : conversion from 'double' to 'float', possible loss of data
     1>c:\users\fatemeh\documents\visual studio 2013\projects\adaline\adaline\adaline.cpp(12): warning C4101: 'db' : unreferenced local variable
     1>c:\users\fatemeh\documents\visual studio 2013\projects\adaline\adaline\adaline.cpp(10): warning C4101: 'arr' : unreferenced local variable
     1>c:\users\fatemeh\documents\visual studio 2013\projects\adaline\adaline\adaline.cpp(12): warning C4101: 'dw1' : unreferenced local variable
     1>c:\users\fatemeh\documents\visual studio 2013\projects\adaline\adaline\adaline.cpp(12): warning C4101: 'dw2' : unreferenced local variable
     1>c:\users\fatemeh\documents\visual studio 2013\projects\adaline\adaline\adaline.cpp(11): warning C4101: 't' : unreferenced local variable
       Link:
         C:\Program Files (x86)\Microsoft Visual Studio 12.0\VC\bin\link.exe /ERRORREPORT:PROMPT /OUT:"c:\users\fatemeh\documents\visual studio 2013\Projects\adaline\Debug\adaline.exe" /INCREMENTAL /NOLOGO kernel32.lib user32.lib gdi32.lib winspool.lib comdlg32.lib advapi32.lib shell32.lib ole32.lib oleaut32.lib uuid.lib odbc32.lib odbccp32.lib /MANIFEST /MANIFESTUAC:"level='asInvoker' uiAccess='false'" /manifest:embed /DEBUG /PDB:"c:\users\fatemeh\documents\visual studio 2013\Projects\adaline\Debug\adaline.pdb" /SUBSYSTEM:CONSOLE /TLBID:1 /DYNAMICBASE /NXCOMPAT /IMPLIB:"c:\users\fatemeh\documents\visual studio 2013\Projects\adaline\Debug\adaline.lib" /MACHINE:X86 Debug\adaline.obj
         Debug\stdafx.obj
         adaline.vcxproj -> c:\users\fatemeh\documents\visual studio 2013\Projects\adaline\Debug\adaline.exe
     1>Done Building Project "c:\Users\Fatemeh\documents\visual studio 2013\Projects\adaline\adaline\adaline.vcxproj" (Build target(s)).

Build succeeded.

Time Elapsed 00:00:05.06
